E:\OLIV_LABS\C++ TUTORIALS\PROJECTS\TASKMANAGER\BUILD\PROJ\TASKMANAGER\WIN32\DEBUG\TASKMANAGER.PCH
E:\OLIV_LABS\C++ TUTORIALS\PROJECTS\TASKMANAGER\BUILD\PROJ\TASKMANAGER\WIN32\DEBUG\TASKMANAGER.OBJ
E:\OLIV_LABS\C++ TUTORIALS\PROJECTS\TASKMANAGER\BUILD\PROJ\TASKMANAGER\WIN32\DEBUG\VC110.PDB
E:\OLIV_LABS\C++ TUTORIALS\PROJECTS\TASKMANAGER\BUILD\PROJ\TASKMANAGER\WIN32\DEBUG\FILEHANDLER.OBJ
E:\OLIV_LABS\C++ TUTORIALS\PROJECTS\TASKMANAGER\BUILD\PROJ\TASKMANAGER\WIN32\DEBUG\MAIN.OBJ
E:\OLIV_LABS\C++ TUTORIALS\PROJECTS\TASKMANAGER\BUILD\PROJ\TASKMANAGER\WIN32\DEBUG\STDAFX.OBJ
E:\OLIV_LABS\C++ TUTORIALS\PROJECTS\TASKMANAGER\BUILD\PROJ\TASKMANAGER\WIN32\DEBUG\TASK.OBJ
E:\OLIV_LABS\C++ TUTORIALS\PROJECTS\TASKMANAGER\BIN\WIN32\DEBUG\TASKMANAGER.ILK
E:\OLIV_LABS\C++ TUTORIALS\PROJECTS\TASKMANAGER\BIN\WIN32\DEBUG\TASKMANAGER.EXE
E:\OLIV_LABS\C++ TUTORIALS\PROJECTS\TASKMANAGER\BIN\WIN32\DEBUG\TASKMANAGER.PDB
E:\Oliv_Labs\C++ Tutorials\Projects\TaskManager\build\proj\TaskManager\Win32\Debug\FileHandler.obj
E:\Oliv_Labs\C++ Tutorials\Projects\TaskManager\build\proj\TaskManager\Win32\Debug\stdafx.obj
E:\Oliv_Labs\C++ Tutorials\Projects\TaskManager\build\proj\TaskManager\Win32\Debug\Task.obj
E:\Oliv_Labs\C++ Tutorials\Projects\TaskManager\build\proj\TaskManager\Win32\Debug\TaskManager.obj
E:\Oliv_Labs\C++ Tutorials\Projects\TaskManager\build\proj\TaskManager\Win32\Debug\cl.command.1.tlog
E:\Oliv_Labs\C++ Tutorials\Projects\TaskManager\build\proj\TaskManager\Win32\Debug\CL.read.1.tlog
E:\Oliv_Labs\C++ Tutorials\Projects\TaskManager\build\proj\TaskManager\Win32\Debug\CL.write.1.tlog
E:\Oliv_Labs\C++ Tutorials\Projects\TaskManager\build\proj\TaskManager\Win32\Debug\link-cvtres.read.1.tlog
E:\Oliv_Labs\C++ Tutorials\Projects\TaskManager\build\proj\TaskManager\Win32\Debug\link-cvtres.write.1.tlog
E:\Oliv_Labs\C++ Tutorials\Projects\TaskManager\build\proj\TaskManager\Win32\Debug\link-rc.read.1.tlog
E:\Oliv_Labs\C++ Tutorials\Projects\TaskManager\build\proj\TaskManager\Win32\Debug\link-rc.write.1.tlog
E:\Oliv_Labs\C++ Tutorials\Projects\TaskManager\build\proj\TaskManager\Win32\Debug\link.command.1.tlog
E:\Oliv_Labs\C++ Tutorials\Projects\TaskManager\build\proj\TaskManager\Win32\Debug\link.read.1.tlog
E:\Oliv_Labs\C++ Tutorials\Projects\TaskManager\build\proj\TaskManager\Win32\Debug\link.write.1.tlog
E:\Oliv_Labs\C++ Tutorials\Projects\TaskManager\build\proj\TaskManager\Win32\Debug\TaskManager.pch
E:\Oliv_Labs\C++ Tutorials\Projects\TaskManager\build\proj\TaskManager\Win32\Debug\vc110.idb
E:\Oliv_Labs\C++ Tutorials\Projects\TaskManager\build\proj\TaskManager\Win32\Debug\vc110.pdb
E:\Oliv_Labs\C++ Tutorials\Projects\TaskManager\build\proj\TaskManager\..\..\..\bin\Win32\Debug\TaskManager.exe
